C:\Users\CS152B\Desktop\RMJ\final_project\edk_hw_platform\implementation\system.ngc 1512009282
C:/Users/CS152B/Desktop/RMJ/final_project/edk_hw_platform/implementation/system_xps_tft_0_wrapper.ngc 1512008935
C:/Users/CS152B/Desktop/RMJ/final_project/edk_hw_platform/implementation/system_xps_intc_0_wrapper.ngc 1512009076
C:/Users/CS152B/Desktop/RMJ/final_project/edk_hw_platform/implementation/system_proc_sys_reset_0_wrapper.ngc 1512008935
C:/Users/CS152B/Desktop/RMJ/final_project/edk_hw_platform/implementation/system_plbv46_plbv46_bridge_0_wrapper.ngc 1512008983
C:/Users/CS152B/Desktop/RMJ/final_project/edk_hw_platform/implementation/system_microblaze_0_wrapper.ngc 1512008935
C:/Users/CS152B/Desktop/RMJ/final_project/edk_hw_platform/implementation/system_mdm_0_wrapper.ngc 1512008935
C:/Users/CS152B/Desktop/RMJ/final_project/edk_hw_platform/implementation/system_mb_plb_2_wrapper.ngc 1512008935
C:/Users/CS152B/Desktop/RMJ/final_project/edk_hw_platform/implementation/system_mb_plb_1_wrapper.ngc 1512008994
C:/Users/CS152B/Desktop/RMJ/final_project/edk_hw_platform/implementation/system_mb_plb_wrapper.ngc 1512009011
C:/Users/CS152B/Desktop/RMJ/final_project/edk_hw_platform/implementation/system_lmb_bram_wrapper.ngc 1512008935
C:/Users/CS152B/Desktop/RMJ/final_project/edk_hw_platform/implementation/system_ilmb_cntlr_wrapper.ngc 1512008935
C:/Users/CS152B/Desktop/RMJ/final_project/edk_hw_platform/implementation/system_ilmb_wrapper.ngc 1512008935
C:/Users/CS152B/Desktop/RMJ/final_project/edk_hw_platform/implementation/system_dlmb_cntlr_wrapper.ngc 1512008935
C:/Users/CS152B/Desktop/RMJ/final_project/edk_hw_platform/implementation/system_dlmb_wrapper.ngc 1512008935
C:/Users/CS152B/Desktop/RMJ/final_project/edk_hw_platform/implementation/system_clock_generator_0_wrapper.ngc 1512009081
C:/Users/CS152B/Desktop/RMJ/final_project/edk_hw_platform/implementation/system_rs232_uart_1_wrapper.ngc 1512008935
C:/Users/CS152B/Desktop/RMJ/final_project/edk_hw_platform/implementation/system_rs232_uart_0_wrapper.ngc 1512008935
C:/Users/CS152B/Desktop/RMJ/final_project/edk_hw_platform/implementation/system_push_buttons_7bit_wrapper.ngc 1512008935
C:/Users/CS152B/Desktop/RMJ/final_project/edk_hw_platform/implementation/system_leds_8bit_wrapper.ngc 1512009031
C:/Users/CS152B/Desktop/RMJ/final_project/edk_hw_platform/implementation/system_gpio_encoders_in_wrapper.ngc 1512009057
C:/Users/CS152B/Desktop/RMJ/final_project/edk_hw_platform/implementation/system_flash_wrapper.ngc 1512008935
C:/Users/CS152B/Desktop/RMJ/final_project/edk_hw_platform/implementation/system_dip_switches_8bit_wrapper.ngc 1512008935
C:/Users/CS152B/Desktop/RMJ/final_project/edk_hw_platform/implementation/system_ddr2_sdram_wrapper.ngc 1512008935
C:/Users/CS152B/Desktop/RMJ/final_project/edk_hw_platform/implementation/system_char_lcd_wrapper.ngc 1512009072
OK
