Vivado Simulator 2017.3
Copyright 1986-1999, 2001-2016 Xilinx, Inc. All Rights Reserved.
Running: C:/Xilinx/Vivado/2017.3/bin/unwrapped/win64.o/xelab.exe -wto 83025e135f08475dbfd889eadf1e8936 --incr --debug typical --relax --mt 2 -L xil_defaultlib -L unisims_ver -L unimacro_ver -L secureip --snapshot alu_16_add_ut_behav xil_defaultlib.alu_16_add_ut xil_defaultlib.glbl -log elaborate.log 
Using 2 slave threads.
Starting static elaboration
WARNING: [VRFC 10-278] actual bit length 32 differs from formal bit length 1 for port b_invert [H:/GitRepos/CS152B-Projects/Lab1/alu_control.v:46]
WARNING: [VRFC 10-278] actual bit length 32 differs from formal bit length 1 for port carry_in [H:/GitRepos/CS152B-Projects/Lab1/alu_control.v:47]
WARNING: [VRFC 10-278] actual bit length 32 differs from formal bit length 3 for port operation [H:/GitRepos/CS152B-Projects/Lab1/alu_control.v:48]
WARNING: [VRFC 10-278] actual bit length 3 differs from formal bit length 2 for port operation [H:/GitRepos/CS152B-Projects/Lab1/two_bit_alu.v:33]
WARNING: [VRFC 10-278] actual bit length 3 differs from formal bit length 2 for port operation [H:/GitRepos/CS152B-Projects/Lab1/two_bit_alu.v:36]
WARNING: [VRFC 10-278] actual bit length 32 differs from formal bit length 1 for port b_invert [H:/GitRepos/CS152B-Projects/Lab1/alu_control.v:59]
WARNING: [VRFC 10-278] actual bit length 32 differs from formal bit length 1 for port carry_in [H:/GitRepos/CS152B-Projects/Lab1/alu_control.v:60]
WARNING: [VRFC 10-278] actual bit length 32 differs from formal bit length 3 for port operation [H:/GitRepos/CS152B-Projects/Lab1/alu_control.v:61]
WARNING: [VRFC 10-278] actual bit length 32 differs from formal bit length 1 for port b_invert [H:/GitRepos/CS152B-Projects/Lab1/alu_control.v:72]
WARNING: [VRFC 10-278] actual bit length 32 differs from formal bit length 1 for port carry_in [H:/GitRepos/CS152B-Projects/Lab1/alu_control.v:73]
WARNING: [VRFC 10-278] actual bit length 32 differs from formal bit length 3 for port operation [H:/GitRepos/CS152B-Projects/Lab1/alu_control.v:74]
WARNING: [VRFC 10-278] actual bit length 32 differs from formal bit length 1 for port b_invert [H:/GitRepos/CS152B-Projects/Lab1/alu_control.v:85]
WARNING: [VRFC 10-278] actual bit length 32 differs from formal bit length 1 for port carry_in [H:/GitRepos/CS152B-Projects/Lab1/alu_control.v:86]
WARNING: [VRFC 10-278] actual bit length 32 differs from formal bit length 3 for port operation [H:/GitRepos/CS152B-Projects/Lab1/alu_control.v:87]
WARNING: [VRFC 10-278] actual bit length 32 differs from formal bit length 16 for port b [H:/GitRepos/CS152B-Projects/Lab1/alu_control.v:97]
WARNING: [VRFC 10-278] actual bit length 32 differs from formal bit length 1 for port b_invert [H:/GitRepos/CS152B-Projects/Lab1/alu_control.v:98]
WARNING: [VRFC 10-278] actual bit length 32 differs from formal bit length 1 for port carry_in [H:/GitRepos/CS152B-Projects/Lab1/alu_control.v:99]
WARNING: [VRFC 10-278] actual bit length 32 differs from formal bit length 3 for port operation [H:/GitRepos/CS152B-Projects/Lab1/alu_control.v:100]
WARNING: [VRFC 10-278] actual bit length 32 differs from formal bit length 16 for port b [H:/GitRepos/CS152B-Projects/Lab1/alu_control.v:110]
WARNING: [VRFC 10-278] actual bit length 32 differs from formal bit length 1 for port b_invert [H:/GitRepos/CS152B-Projects/Lab1/alu_control.v:111]
WARNING: [VRFC 10-278] actual bit length 32 differs from formal bit length 1 for port carry_in [H:/GitRepos/CS152B-Projects/Lab1/alu_control.v:112]
WARNING: [VRFC 10-278] actual bit length 32 differs from formal bit length 3 for port operation [H:/GitRepos/CS152B-Projects/Lab1/alu_control.v:113]
WARNING: [VRFC 10-278] actual bit length 32 differs from formal bit length 16 for port a [H:/GitRepos/CS152B-Projects/Lab1/alu_control.v:123]
WARNING: [VRFC 10-278] actual bit length 32 differs from formal bit length 1 for port b_invert [H:/GitRepos/CS152B-Projects/Lab1/alu_control.v:125]
WARNING: [VRFC 10-278] actual bit length 32 differs from formal bit length 1 for port carry_in [H:/GitRepos/CS152B-Projects/Lab1/alu_control.v:126]
WARNING: [VRFC 10-278] actual bit length 32 differs from formal bit length 3 for port operation [H:/GitRepos/CS152B-Projects/Lab1/alu_control.v:127]
WARNING: [VRFC 10-278] actual bit length 32 differs from formal bit length 16 for port b [H:/GitRepos/CS152B-Projects/Lab1/alu_control.v:137]
WARNING: [VRFC 10-278] actual bit length 32 differs from formal bit length 1 for port b_invert [H:/GitRepos/CS152B-Projects/Lab1/alu_control.v:138]
WARNING: [VRFC 10-278] actual bit length 32 differs from formal bit length 1 for port carry_in [H:/GitRepos/CS152B-Projects/Lab1/alu_control.v:139]
WARNING: [VRFC 10-278] actual bit length 32 differs from formal bit length 3 for port operation [H:/GitRepos/CS152B-Projects/Lab1/alu_control.v:140]
WARNING: [VRFC 10-278] actual bit length 32 differs from formal bit length 16 for port b [H:/GitRepos/CS152B-Projects/Lab1/alu_control.v:150]
WARNING: [VRFC 10-278] actual bit length 32 differs from formal bit length 1 for port b_invert [H:/GitRepos/CS152B-Projects/Lab1/alu_control.v:151]
WARNING: [VRFC 10-278] actual bit length 32 differs from formal bit length 1 for port carry_in [H:/GitRepos/CS152B-Projects/Lab1/alu_control.v:152]
WARNING: [VRFC 10-278] actual bit length 32 differs from formal bit length 3 for port operation [H:/GitRepos/CS152B-Projects/Lab1/alu_control.v:153]
WARNING: [VRFC 10-278] actual bit length 32 differs from formal bit length 16 for port b [H:/GitRepos/CS152B-Projects/Lab1/alu_control.v:163]
WARNING: [VRFC 10-278] actual bit length 32 differs from formal bit length 1 for port b_invert [H:/GitRepos/CS152B-Projects/Lab1/alu_control.v:164]
WARNING: [VRFC 10-278] actual bit length 32 differs from formal bit length 1 for port carry_in [H:/GitRepos/CS152B-Projects/Lab1/alu_control.v:165]
WARNING: [VRFC 10-278] actual bit length 32 differs from formal bit length 3 for port operation [H:/GitRepos/CS152B-Projects/Lab1/alu_control.v:166]
WARNING: [VRFC 10-278] actual bit length 32 differs from formal bit length 16 for port b [H:/GitRepos/CS152B-Projects/Lab1/alu_control.v:176]
WARNING: [VRFC 10-278] actual bit length 32 differs from formal bit length 1 for port b_invert [H:/GitRepos/CS152B-Projects/Lab1/alu_control.v:177]
WARNING: [VRFC 10-278] actual bit length 32 differs from formal bit length 1 for port carry_in [H:/GitRepos/CS152B-Projects/Lab1/alu_control.v:178]
WARNING: [VRFC 10-278] actual bit length 32 differs from formal bit length 3 for port operation [H:/GitRepos/CS152B-Projects/Lab1/alu_control.v:179]
WARNING: [VRFC 10-278] actual bit length 32 differs from formal bit length 1 for port b_invert [H:/GitRepos/CS152B-Projects/Lab1/alu_control.v:190]
WARNING: [VRFC 10-278] actual bit length 32 differs from formal bit length 1 for port carry_in [H:/GitRepos/CS152B-Projects/Lab1/alu_control.v:191]
WARNING: [VRFC 10-278] actual bit length 32 differs from formal bit length 3 for port operation [H:/GitRepos/CS152B-Projects/Lab1/alu_control.v:192]
WARNING: [VRFC 10-278] actual bit length 140 differs from formal bit length 16 for port in [H:/GitRepos/CS152B-Projects/Lab1/alu_control.v:197]
WARNING: [VRFC 10-526] concatenation with unsized literal; will interpret as 32 bits [H:/GitRepos/CS152B-Projects/Lab1/alu_control.v:197]
WARNING: [VRFC 10-526] concatenation with unsized literal; will interpret as 32 bits [H:/GitRepos/CS152B-Projects/Lab1/alu_control.v:198]
WARNING: [VRFC 10-526] concatenation with unsized literal; will interpret as 32 bits [H:/GitRepos/CS152B-Projects/Lab1/alu_control.v:199]
WARNING: [VRFC 10-526] concatenation with unsized literal; will interpret as 32 bits [H:/GitRepos/CS152B-Projects/Lab1/alu_control.v:200]
WARNING: [VRFC 10-526] concatenation with unsized literal; will interpret as 32 bits [H:/GitRepos/CS152B-Projects/Lab1/alu_control.v:216]
WARNING: [VRFC 10-526] concatenation with unsized literal; will interpret as 32 bits [H:/GitRepos/CS152B-Projects/Lab1/alu_control.v:217]
WARNING: [VRFC 10-526] concatenation with unsized literal; will interpret as 32 bits [H:/GitRepos/CS152B-Projects/Lab1/alu_control.v:218]
WARNING: [VRFC 10-526] concatenation with unsized literal; will interpret as 32 bits [H:/GitRepos/CS152B-Projects/Lab1/alu_control.v:219]
WARNING: [VRFC 10-526] concatenation with unsized literal; will interpret as 32 bits [H:/GitRepos/CS152B-Projects/Lab1/alu_control.v:220]
WARNING: [VRFC 10-526] concatenation with unsized literal; will interpret as 32 bits [H:/GitRepos/CS152B-Projects/Lab1/alu_control.v:235]
WARNING: [VRFC 10-526] concatenation with unsized literal; will interpret as 32 bits [H:/GitRepos/CS152B-Projects/Lab1/alu_control.v:236]
WARNING: [VRFC 10-526] concatenation with unsized literal; will interpret as 32 bits [H:/GitRepos/CS152B-Projects/Lab1/alu_control.v:237]
WARNING: [VRFC 10-526] concatenation with unsized literal; will interpret as 32 bits [H:/GitRepos/CS152B-Projects/Lab1/alu_control.v:238]
WARNING: [VRFC 10-526] concatenation with unsized literal; will interpret as 32 bits [H:/GitRepos/CS152B-Projects/Lab1/alu_control.v:239]
WARNING: [VRFC 10-526] concatenation with unsized literal; will interpret as 32 bits [H:/GitRepos/CS152B-Projects/Lab1/alu_control.v:254]
WARNING: [VRFC 10-526] concatenation with unsized literal; will interpret as 32 bits [H:/GitRepos/CS152B-Projects/Lab1/alu_control.v:255]
WARNING: [VRFC 10-526] concatenation with unsized literal; will interpret as 32 bits [H:/GitRepos/CS152B-Projects/Lab1/alu_control.v:256]
WARNING: [VRFC 10-526] concatenation with unsized literal; will interpret as 32 bits [H:/GitRepos/CS152B-Projects/Lab1/alu_control.v:257]
WARNING: [VRFC 10-526] concatenation with unsized literal; will interpret as 32 bits [H:/GitRepos/CS152B-Projects/Lab1/alu_control.v:258]
WARNING: [VRFC 10-526] concatenation with unsized literal; will interpret as 32 bits [H:/GitRepos/CS152B-Projects/Lab1/alu_control.v:273]
WARNING: [VRFC 10-526] concatenation with unsized literal; will interpret as 32 bits [H:/GitRepos/CS152B-Projects/Lab1/alu_control.v:274]
WARNING: [VRFC 10-526] concatenation with unsized literal; will interpret as 32 bits [H:/GitRepos/CS152B-Projects/Lab1/alu_control.v:275]
WARNING: [VRFC 10-526] concatenation with unsized literal; will interpret as 32 bits [H:/GitRepos/CS152B-Projects/Lab1/alu_control.v:276]
WARNING: [VRFC 10-526] concatenation with unsized literal; will interpret as 32 bits [H:/GitRepos/CS152B-Projects/Lab1/alu_control.v:277]
WARNING: [VRFC 10-526] concatenation with unsized literal; will interpret as 32 bits [H:/GitRepos/CS152B-Projects/Lab1/alu_control.v:292]
WARNING: [VRFC 10-526] concatenation with unsized literal; will interpret as 32 bits [H:/GitRepos/CS152B-Projects/Lab1/alu_control.v:293]
WARNING: [VRFC 10-526] concatenation with unsized literal; will interpret as 32 bits [H:/GitRepos/CS152B-Projects/Lab1/alu_control.v:294]
WARNING: [VRFC 10-526] concatenation with unsized literal; will interpret as 32 bits [H:/GitRepos/CS152B-Projects/Lab1/alu_control.v:295]
WARNING: [VRFC 10-526] concatenation with unsized literal; will interpret as 32 bits [H:/GitRepos/CS152B-Projects/Lab1/alu_control.v:296]
WARNING: [VRFC 10-526] concatenation with unsized literal; will interpret as 32 bits [H:/GitRepos/CS152B-Projects/Lab1/alu_control.v:311]
WARNING: [VRFC 10-526] concatenation with unsized literal; will interpret as 32 bits [H:/GitRepos/CS152B-Projects/Lab1/alu_control.v:312]
WARNING: [VRFC 10-526] concatenation with unsized literal; will interpret as 32 bits [H:/GitRepos/CS152B-Projects/Lab1/alu_control.v:313]
WARNING: [VRFC 10-526] concatenation with unsized literal; will interpret as 32 bits [H:/GitRepos/CS152B-Projects/Lab1/alu_control.v:314]
WARNING: [VRFC 10-526] concatenation with unsized literal; will interpret as 32 bits [H:/GitRepos/CS152B-Projects/Lab1/alu_control.v:315]
WARNING: [VRFC 10-526] concatenation with unsized literal; will interpret as 32 bits [H:/GitRepos/CS152B-Projects/Lab1/alu_control.v:330]
WARNING: [VRFC 10-526] concatenation with unsized literal; will interpret as 32 bits [H:/GitRepos/CS152B-Projects/Lab1/alu_control.v:331]
WARNING: [VRFC 10-526] concatenation with unsized literal; will interpret as 32 bits [H:/GitRepos/CS152B-Projects/Lab1/alu_control.v:332]
WARNING: [VRFC 10-526] concatenation with unsized literal; will interpret as 32 bits [H:/GitRepos/CS152B-Projects/Lab1/alu_control.v:333]
WARNING: [VRFC 10-526] concatenation with unsized literal; will interpret as 32 bits [H:/GitRepos/CS152B-Projects/Lab1/alu_control.v:334]
WARNING: [VRFC 10-526] concatenation with unsized literal; will interpret as 32 bits [H:/GitRepos/CS152B-Projects/Lab1/alu_control.v:349]
WARNING: [VRFC 10-526] concatenation with unsized literal; will interpret as 32 bits [H:/GitRepos/CS152B-Projects/Lab1/alu_control.v:350]
WARNING: [VRFC 10-526] concatenation with unsized literal; will interpret as 32 bits [H:/GitRepos/CS152B-Projects/Lab1/alu_control.v:351]
WARNING: [VRFC 10-526] concatenation with unsized literal; will interpret as 32 bits [H:/GitRepos/CS152B-Projects/Lab1/alu_control.v:352]
WARNING: [VRFC 10-526] concatenation with unsized literal; will interpret as 32 bits [H:/GitRepos/CS152B-Projects/Lab1/alu_control.v:353]
WARNING: [VRFC 10-526] concatenation with unsized literal; will interpret as 32 bits [H:/GitRepos/CS152B-Projects/Lab1/alu_control.v:368]
WARNING: [VRFC 10-526] concatenation with unsized literal; will interpret as 32 bits [H:/GitRepos/CS152B-Projects/Lab1/alu_control.v:369]
WARNING: [VRFC 10-526] concatenation with unsized literal; will interpret as 32 bits [H:/GitRepos/CS152B-Projects/Lab1/alu_control.v:370]
WARNING: [VRFC 10-526] concatenation with unsized literal; will interpret as 32 bits [H:/GitRepos/CS152B-Projects/Lab1/alu_control.v:371]
WARNING: [VRFC 10-526] concatenation with unsized literal; will interpret as 32 bits [H:/GitRepos/CS152B-Projects/Lab1/alu_control.v:372]
WARNING: [VRFC 10-526] concatenation with unsized literal; will interpret as 32 bits [H:/GitRepos/CS152B-Projects/Lab1/alu_control.v:387]
WARNING: [VRFC 10-526] concatenation with unsized literal; will interpret as 32 bits [H:/GitRepos/CS152B-Projects/Lab1/alu_control.v:388]
WARNING: [VRFC 10-526] concatenation with unsized literal; will interpret as 32 bits [H:/GitRepos/CS152B-Projects/Lab1/alu_control.v:389]
WARNING: [VRFC 10-526] concatenation with unsized literal; will interpret as 32 bits [H:/GitRepos/CS152B-Projects/Lab1/alu_control.v:390]
WARNING: [VRFC 10-526] concatenation with unsized literal; will interpret as 32 bits [H:/GitRepos/CS152B-Projects/Lab1/alu_control.v:391]
WARNING: [VRFC 10-526] concatenation with unsized literal; will interpret as 32 bits [H:/GitRepos/CS152B-Projects/Lab1/alu_control.v:406]
WARNING: [VRFC 10-526] concatenation with unsized literal; will interpret as 32 bits [H:/GitRepos/CS152B-Projects/Lab1/alu_control.v:407]
WARNING: [VRFC 10-526] concatenation with unsized literal; will interpret as 32 bits [H:/GitRepos/CS152B-Projects/Lab1/alu_control.v:408]
WARNING: [VRFC 10-526] concatenation with unsized literal; will interpret as 32 bits [H:/GitRepos/CS152B-Projects/Lab1/alu_control.v:409]
WARNING: [VRFC 10-526] concatenation with unsized literal; will interpret as 32 bits [H:/GitRepos/CS152B-Projects/Lab1/alu_control.v:410]
WARNING: [VRFC 10-526] concatenation with unsized literal; will interpret as 32 bits [H:/GitRepos/CS152B-Projects/Lab1/alu_control.v:425]
WARNING: [VRFC 10-526] concatenation with unsized literal; will interpret as 32 bits [H:/GitRepos/CS152B-Projects/Lab1/alu_control.v:426]
WARNING: [VRFC 10-526] concatenation with unsized literal; will interpret as 32 bits [H:/GitRepos/CS152B-Projects/Lab1/alu_control.v:427]
WARNING: [VRFC 10-526] concatenation with unsized literal; will interpret as 32 bits [H:/GitRepos/CS152B-Projects/Lab1/alu_control.v:428]
WARNING: [VRFC 10-526] concatenation with unsized literal; will interpret as 32 bits [H:/GitRepos/CS152B-Projects/Lab1/alu_control.v:429]
WARNING: [VRFC 10-526] concatenation with unsized literal; will interpret as 32 bits [H:/GitRepos/CS152B-Projects/Lab1/alu_control.v:444]
WARNING: [VRFC 10-526] concatenation with unsized literal; will interpret as 32 bits [H:/GitRepos/CS152B-Projects/Lab1/alu_control.v:445]
WARNING: [VRFC 10-526] concatenation with unsized literal; will interpret as 32 bits [H:/GitRepos/CS152B-Projects/Lab1/alu_control.v:446]
WARNING: [VRFC 10-526] concatenation with unsized literal; will interpret as 32 bits [H:/GitRepos/CS152B-Projects/Lab1/alu_control.v:447]
WARNING: [VRFC 10-526] concatenation with unsized literal; will interpret as 32 bits [H:/GitRepos/CS152B-Projects/Lab1/alu_control.v:448]
WARNING: [VRFC 10-526] concatenation with unsized literal; will interpret as 32 bits [H:/GitRepos/CS152B-Projects/Lab1/alu_control.v:463]
WARNING: [VRFC 10-526] concatenation with unsized literal; will interpret as 32 bits [H:/GitRepos/CS152B-Projects/Lab1/alu_control.v:464]
WARNING: [VRFC 10-526] concatenation with unsized literal; will interpret as 32 bits [H:/GitRepos/CS152B-Projects/Lab1/alu_control.v:465]
WARNING: [VRFC 10-526] concatenation with unsized literal; will interpret as 32 bits [H:/GitRepos/CS152B-Projects/Lab1/alu_control.v:466]
WARNING: [VRFC 10-526] concatenation with unsized literal; will interpret as 32 bits [H:/GitRepos/CS152B-Projects/Lab1/alu_control.v:467]
WARNING: [VRFC 10-526] concatenation with unsized literal; will interpret as 32 bits [H:/GitRepos/CS152B-Projects/Lab1/alu_control.v:482]
WARNING: [VRFC 10-526] concatenation with unsized literal; will interpret as 32 bits [H:/GitRepos/CS152B-Projects/Lab1/alu_control.v:483]
WARNING: [VRFC 10-526] concatenation with unsized literal; will interpret as 32 bits [H:/GitRepos/CS152B-Projects/Lab1/alu_control.v:484]
WARNING: [VRFC 10-526] concatenation with unsized literal; will interpret as 32 bits [H:/GitRepos/CS152B-Projects/Lab1/alu_control.v:485]
WARNING: [VRFC 10-526] concatenation with unsized literal; will interpret as 32 bits [H:/GitRepos/CS152B-Projects/Lab1/alu_control.v:486]
WARNING: [VRFC 10-526] concatenation with unsized literal; will interpret as 32 bits [H:/GitRepos/CS152B-Projects/Lab1/alu_control.v:501]
WARNING: [VRFC 10-526] concatenation with unsized literal; will interpret as 32 bits [H:/GitRepos/CS152B-Projects/Lab1/alu_control.v:502]
WARNING: [VRFC 10-526] concatenation with unsized literal; will interpret as 32 bits [H:/GitRepos/CS152B-Projects/Lab1/alu_control.v:503]
WARNING: [VRFC 10-526] concatenation with unsized literal; will interpret as 32 bits [H:/GitRepos/CS152B-Projects/Lab1/alu_control.v:504]
WARNING: [VRFC 10-278] actual bit length 171 differs from formal bit length 16 for port in [H:/GitRepos/CS152B-Projects/Lab1/alu_control.v:216]
WARNING: [VRFC 10-278] actual bit length 171 differs from formal bit length 16 for port in [H:/GitRepos/CS152B-Projects/Lab1/alu_control.v:235]
WARNING: [VRFC 10-278] actual bit length 171 differs from formal bit length 16 for port in [H:/GitRepos/CS152B-Projects/Lab1/alu_control.v:254]
WARNING: [VRFC 10-278] actual bit length 171 differs from formal bit length 16 for port in [H:/GitRepos/CS152B-Projects/Lab1/alu_control.v:273]
WARNING: [VRFC 10-278] actual bit length 171 differs from formal bit length 16 for port in [H:/GitRepos/CS152B-Projects/Lab1/alu_control.v:292]
WARNING: [VRFC 10-278] actual bit length 171 differs from formal bit length 16 for port in [H:/GitRepos/CS152B-Projects/Lab1/alu_control.v:311]
WARNING: [VRFC 10-278] actual bit length 171 differs from formal bit length 16 for port in [H:/GitRepos/CS152B-Projects/Lab1/alu_control.v:330]
WARNING: [VRFC 10-278] actual bit length 171 differs from formal bit length 16 for port in [H:/GitRepos/CS152B-Projects/Lab1/alu_control.v:349]
WARNING: [VRFC 10-278] actual bit length 171 differs from formal bit length 16 for port in [H:/GitRepos/CS152B-Projects/Lab1/alu_control.v:368]
WARNING: [VRFC 10-278] actual bit length 171 differs from formal bit length 16 for port in [H:/GitRepos/CS152B-Projects/Lab1/alu_control.v:387]
WARNING: [VRFC 10-278] actual bit length 171 differs from formal bit length 16 for port in [H:/GitRepos/CS152B-Projects/Lab1/alu_control.v:406]
WARNING: [VRFC 10-278] actual bit length 171 differs from formal bit length 16 for port in [H:/GitRepos/CS152B-Projects/Lab1/alu_control.v:425]
WARNING: [VRFC 10-278] actual bit length 171 differs from formal bit length 16 for port in [H:/GitRepos/CS152B-Projects/Lab1/alu_control.v:444]
WARNING: [VRFC 10-278] actual bit length 171 differs from formal bit length 16 for port in [H:/GitRepos/CS152B-Projects/Lab1/alu_control.v:463]
WARNING: [VRFC 10-278] actual bit length 171 differs from formal bit length 16 for port in [H:/GitRepos/CS152B-Projects/Lab1/alu_control.v:482]
WARNING: [VRFC 10-278] actual bit length 140 differs from formal bit length 16 for port in [H:/GitRepos/CS152B-Projects/Lab1/alu_control.v:501]
Completed static elaboration
Starting simulation data flow analysis
Completed simulation data flow analysis
Time Resolution for simulation is 1ps
Compiling module xil_defaultlib.two_one_mux
Compiling module xil_defaultlib.addbit
Compiling module xil_defaultlib.three_one_mux
Compiling module xil_defaultlib.one_bit_alu
Compiling module xil_defaultlib.two_bit_alu
Compiling module xil_defaultlib.four_bit_alu
Compiling module xil_defaultlib.eight_bit_alu
Compiling module xil_defaultlib.sixteen_bit_alu
Compiling module xil_defaultlib.sixteen_one_mux
Compiling module xil_defaultlib.alu_control
Compiling module xil_defaultlib.alu_16_add_ut
Compiling module xil_defaultlib.glbl
Built simulation snapshot alu_16_add_ut_behav
