18:20:35 **** Build of project hello_world_bsp ****
make -k all 
libgen -hw ../final_project_hw_plat/system.xml\
	       -lp C:/Xilinx/14.6/ISE_DS/pcores\
	       -pe microblaze_0 \
	       -log libgen.log \
	       system.mss
libgen
Xilinx EDK 2013.2 Build EDK_P.68d
Copyright (c) 1995-2012 Xilinx, Inc.  All rights reserved.

Command Line: libgen -hw ../final_project_hw_plat/system.xml -lp
C:/Xilinx/14.6/ISE_DS/pcores -pe microblaze_0 -log libgen.log system.mss 


Staging source files.
Running DRCs.
Running generate.
Running post_generate.
Running include - 'make -s include "COMPILER=mb-gcc" "ARCHIVER=mb-ar"
"COMPILER_FLAGS=-mno-xl-soft-mul -mxl-barrel-shift -mxl-pattern-compare
-mcpu=v8.50.b  -O2 -c" "EXTRA_COMPILER_FLAGS=-g -ffunction-sections
-fdata-sections"'.

Running libs - 'make -s libs "COMPILER=mb-gcc" "ARCHIVER=mb-ar"
"COMPILER_FLAGS=-mno-xl-soft-mul -mxl-barrel-shift -mxl-pattern-compare
-mcpu=v8.50.b  -O2 -c" "EXTRA_COMPILER_FLAGS=-g -ffunction-sections
-fdata-sections"'.
"Compiling common"
"Compiling lldma"
"Compiling standalone";
"Compiling gpio"
"Compiling iic"
"Compiling mpmc"
"Compiling bram"
"Compiling uartlite"
"Compiling intc"
"Compiling cpu"
Running execs_generate.
'Finished building libraries'

18:20:47 Build Finished (took 11s.327ms)

