#-----------------------------------------------------------
# Vivado v2017.3 (64-bit)
# SW Build 2018833 on Wed Oct  4 19:58:22 MDT 2017
# IP Build 2016188 on Wed Oct  4 21:52:56 MDT 2017
# Start of session at: Wed Oct 25 12:59:07 2017
# Process ID: 8804
# Current directory: H:/GitRepos/CS152B-Projects/Lab2-Vivado
# Command line: vivado.exe -gui_launcher_event rodinguilauncherevent17488 H:\GitRepos\CS152B-Projects\Lab2-Vivado\RMJ-Lab2.xpr
# Log file: H:/GitRepos/CS152B-Projects/Lab2-Vivado/vivado.log
# Journal file: H:/GitRepos/CS152B-Projects/Lab2-Vivado\vivado.jou
#-----------------------------------------------------------
start_gui
open_project H:/GitRepos/CS152B-Projects/Lab2-Vivado/RMJ-Lab2.xpr
INFO: [Project 1-313] Project file moved from 'H:/GitRepos/CS152B-Projects/Lab2-Vivado/RMJ-Lab2' since last save.
Scanning sources...
Finished scanning sources
INFO: [IP_Flow 19-234] Refreshing IP repositories
INFO: [IP_Flow 19-1704] No user IP repositories specified
INFO: [IP_Flow 19-2313] Loaded Vivado IP repository 'H:/Xilinx/Vivado/2017.3/data/ip'.
open_project: Time (s): cpu = 00:00:13 ; elapsed = 00:00:06 . Memory (MB): peak = 717.500 ; gain = 58.395
set_property SOURCE_SET sources_1 [get_filesets sim_1]
close [ open H:/GitRepos/CS152B-Projects/Lab2/modules/traffic_fsm.v w ]
add_files -fileset sim_1 H:/GitRepos/CS152B-Projects/Lab2/modules/traffic_fsm.v
